<?xml version="1.0" encoding="UTF-8"?>
<testsuite xmlns:xsi="http://www.w3.org/2001/XMLSchema-instance" xsi:noNamespaceSchemaLocation="https://maven.apache.org/surefire/maven-surefire-plugin/xsd/surefire-test-report.xsd" name="at.technikumwien.CalculatorTest" time="0.047" tests="3" errors="0" skipped="0" failures="0">
  <properties>
[...]
</properties>
  <testcase name="testWithNull" classname="at.technikumwien.CalculatorTest" time="0"/>
  <testcase name="testWithNoParams" classname="at.technikumwien.CalculatorTest" time="0.047"/>
  <testcase name="testWithParams" classname="at.technikumwien.CalculatorTest" time="0"/>
</testsuite>